\BOOKMARK [1][-]{section.1}{\376\377\000I\000n\000t\000r\000o\000d\000u\000c\000c\000i\000\363\000n}{}% 1
\BOOKMARK [1][-]{section.2}{\376\377\000A\000d\000q\000u\000i\000s\000i\000c\000i\000\363\000n\000\040\000d\000e\000\040\000l\000a\000\040\000i\000m\000a\000g\000e\000n}{}% 2
\BOOKMARK [1][-]{section.3}{\376\377\000P\000r\000e\000p\000r\000o\000c\000e\000s\000a\000m\000i\000e\000n\000t\000o}{}% 3
\BOOKMARK [1][-]{section.4}{\376\377\000S\000e\000g\000m\000e\000n\000t\000a\000c\000i\000\363\000n}{}% 4
\BOOKMARK [2][-]{subsection.4.1}{\376\377\000O\000p\000e\000r\000a\000c\000i\000o\000n\000e\000s\000\040\000m\000o\000r\000f\000o\000l\000\363\000g\000i\000c\000a\000s}{section.4}% 5
\BOOKMARK [2][-]{subsection.4.2}{\376\377\000E\000r\000o\000s\000i\000\363\000n\000\040\000y\000\040\000d\000i\000l\000a\000t\000a\000c\000i\000\363\000n}{section.4}% 6
\BOOKMARK [2][-]{subsection.4.3}{\376\377\000R\000e\000l\000l\000e\000n\000a\000d\000o\000\040\000d\000e\000\040\000o\000r\000i\000f\000i\000c\000i\000o\000s}{section.4}% 7
\BOOKMARK [1][-]{section.5}{\376\377\000E\000x\000t\000r\000a\000c\000c\000i\000\363\000n\000\040\000d\000e\000\040\000c\000a\000r\000a\000c\000t\000e\000r\000\355\000s\000t\000i\000c\000a\000s}{}% 8
\BOOKMARK [2][-]{subsubsection.5.0.1}{\376\377\000G\000e\000o\000m\000\351\000t\000r\000i\000c\000a\000s\000\040\000b\000\341\000s\000i\000c\000a\000s}{section.5}% 9
\BOOKMARK [3][-]{subsubsection.5.0.2}{\376\377\000R\000a\000s\000g\000o\000s\000\040\000b\000a\000s\000a\000d\000o\000s\000\040\000e\000n\000\040\000e\000s\000q\000u\000e\000l\000e\000t\000o}{subsubsection.5.0.1}% 10
\BOOKMARK [3][-]{subsubsection.5.0.3}{\376\377\000M\000o\000m\000e\000n\000t\000o\000s\000\040\000i\000n\000v\000a\000r\000i\000a\000n\000t\000e\000s\000\040\000H\000u\000e}{subsubsection.5.0.1}% 11
\BOOKMARK [3][-]{subsubsection.5.0.4}{\376\377\000C\000e\000r\000c\000o\000\040\000c\000o\000n\000v\000e\000x\000o}{subsubsection.5.0.1}% 12
\BOOKMARK [1][-]{section.6}{\376\377\000C\000l\000a\000s\000i\000f\000i\000c\000a\000c\000i\000\363\000n}{}% 13
\BOOKMARK [1][-]{section.7}{\376\377\000R\000e\000s\000u\000l\000t\000a\000d\000o\000s}{}% 14
\BOOKMARK [1][-]{section.8}{\376\377\000C\000o\000n\000c\000l\000u\000s\000i\000o\000n\000e\000s}{}% 15
\BOOKMARK [1][-]{section.9}{\376\377\000A\000p\000e\000n\000d\000i\000c\000e}{}% 16
\BOOKMARK [2][-]{subsection.9.1}{\376\377\000S\000c\000r\000i\000p\000t\000\040\000d\000e\000\040\000d\000a\000t\000a\000\040\000a\000u\000m\000e\000n\000t\000a\000t\000i\000o\000n}{section.9}% 17
\BOOKMARK [2][-]{subsection.9.2}{\376\377\000S\000c\000r\000i\000p\000t\000\040\000d\000e\000\040\000r\000a\000s\000g\000o\000s}{section.9}% 18
\BOOKMARK [2][-]{subsection.9.3}{\376\377\000S\000c\000r\000i\000p\000t\000\040\000d\000e\000\040\000s\000e\000g\000m\000e\000n\000t\000a\000c\000i\000\363\000n}{section.9}% 19
\BOOKMARK [2][-]{subsection.9.4}{\376\377\000R\000a\000s\000g\000o\000s\000\040\000m\000o\000m\000e\000n\000t\000o\000s\000\040\000d\000e\000\040\000H\000U}{section.9}% 20
\BOOKMARK [2][-]{subsection.9.5}{\376\377\000R\000a\000s\000g\000o\000s\000\040\000e\000s\000q\000u\000e\000l\000e\000t\000i\000z\000a\000c\000i\000\363\000n}{section.9}% 21
\BOOKMARK [2][-]{subsection.9.6}{\376\377\000R\000a\000s\000g\000o\000s\000\040\000g\000e\000o\000m\000\351\000t\000r\000i\000c\000o\000s}{section.9}% 22
\BOOKMARK [2][-]{subsection.9.7}{\376\377\000R\000a\000s\000g\000o\000s\000\040\000c\000e\000n\000t\000r\000o\000\040\000c\000o\000n\000v\000e\000x\000o}{section.9}% 23
